Determining if the pthread_create exist failed with the following output:
Change Dir: /home/dyros/dyros_red_ethercat_master/build_release/CMakeFiles/CMakeTmp

Run Build Command:"/usr/bin/make" "cmTC_8e1df/fast"
make[1]: Entering directory '/home/dyros/dyros_red_ethercat_master/build_release/CMakeFiles/CMakeTmp'
/usr/bin/make -f CMakeFiles/cmTC_8e1df.dir/build.make CMakeFiles/cmTC_8e1df.dir/build
make[2]: Entering directory '/home/dyros/dyros_red_ethercat_master/build_release/CMakeFiles/CMakeTmp'
Building C object CMakeFiles/cmTC_8e1df.dir/CheckSymbolExists.c.o
/usr/bin/gcc     -o CMakeFiles/cmTC_8e1df.dir/CheckSymbolExists.c.o   -c /home/dyros/dyros_red_ethercat_master/build_release/CMakeFiles/CMakeTmp/CheckSymbolExists.c
Linking C executable cmTC_8e1df
/usr/bin/cmake -E cmake_link_script CMakeFiles/cmTC_8e1df.dir/link.txt --verbose=1
/usr/bin/gcc       CMakeFiles/cmTC_8e1df.dir/CheckSymbolExists.c.o  -o cmTC_8e1df -rdynamic 
CMakeFiles/cmTC_8e1df.dir/CheckSymbolExists.c.o: In function `main':
CheckSymbolExists.c:(.text+0x16): undefined reference to `pthread_create'
collect2: error: ld returned 1 exit status
CMakeFiles/cmTC_8e1df.dir/build.make:97: recipe for target 'cmTC_8e1df' failed
make[2]: *** [cmTC_8e1df] Error 1
make[2]: Leaving directory '/home/dyros/dyros_red_ethercat_master/build_release/CMakeFiles/CMakeTmp'
Makefile:126: recipe for target 'cmTC_8e1df/fast' failed
make[1]: *** [cmTC_8e1df/fast] Error 2
make[1]: Leaving directory '/home/dyros/dyros_red_ethercat_master/build_release/CMakeFiles/CMakeTmp'

File /home/dyros/dyros_red_ethercat_master/build_release/CMakeFiles/CMakeTmp/CheckSymbolExists.c:
/* */
#include <pthread.h>

int main(int argc, char** argv)
{
  (void)argv;
#ifndef pthread_create
  return ((int*)(&pthread_create))[argc];
#else
  (void)argc;
  return 0;
#endif
}

Determining if the function pthread_create exists in the pthreads failed with the following output:
Change Dir: /home/dyros/dyros_red_ethercat_master/build_release/CMakeFiles/CMakeTmp

Run Build Command:"/usr/bin/make" "cmTC_a87fd/fast"
make[1]: Entering directory '/home/dyros/dyros_red_ethercat_master/build_release/CMakeFiles/CMakeTmp'
/usr/bin/make -f CMakeFiles/cmTC_a87fd.dir/build.make CMakeFiles/cmTC_a87fd.dir/build
make[2]: Entering directory '/home/dyros/dyros_red_ethercat_master/build_release/CMakeFiles/CMakeTmp'
Building C object CMakeFiles/cmTC_a87fd.dir/CheckFunctionExists.c.o
/usr/bin/gcc    -DCHECK_FUNCTION_EXISTS=pthread_create   -o CMakeFiles/cmTC_a87fd.dir/CheckFunctionExists.c.o   -c /usr/share/cmake-3.5/Modules/CheckFunctionExists.c
Linking C executable cmTC_a87fd
/usr/bin/cmake -E cmake_link_script CMakeFiles/cmTC_a87fd.dir/link.txt --verbose=1
/usr/bin/gcc   -DCHECK_FUNCTION_EXISTS=pthread_create    CMakeFiles/cmTC_a87fd.dir/CheckFunctionExists.c.o  -o cmTC_a87fd -rdynamic -lpthreads 
/usr/bin/ld: cannot find -lpthreads
collect2: error: ld returned 1 exit status
CMakeFiles/cmTC_a87fd.dir/build.make:97: recipe for target 'cmTC_a87fd' failed
make[2]: *** [cmTC_a87fd] Error 1
make[2]: Leaving directory '/home/dyros/dyros_red_ethercat_master/build_release/CMakeFiles/CMakeTmp'
Makefile:126: recipe for target 'cmTC_a87fd/fast' failed
make[1]: *** [cmTC_a87fd/fast] Error 2
make[1]: Leaving directory '/home/dyros/dyros_red_ethercat_master/build_release/CMakeFiles/CMakeTmp'


